[debug] [2022-12-20T19:57:55.050Z] ----------------------------------------------------------------------
[debug] [2022-12-20T19:57:55.053Z] Command:       C:\Program Files\nodejs\node.exe C:\Users\singh\AppData\Roaming\npm\node_modules\firebase-tools\lib\bin\firebase.js deploy
[debug] [2022-12-20T19:57:55.054Z] CLI Version:   10.5.0
[debug] [2022-12-20T19:57:55.054Z] Platform:      win32
[debug] [2022-12-20T19:57:55.055Z] Node Version:  v16.13.1
[debug] [2022-12-20T19:57:55.056Z] Time:          Tue Dec 20 2022 14:57:55 GMT-0500 (Eastern Standard Time)
[debug] [2022-12-20T19:57:55.057Z] ----------------------------------------------------------------------
[debug] 
[debug] [2022-12-20T19:57:55.063Z] >>> [apiv2][query] GET https://firebase-public.firebaseio.com/cli.json [none]
[debug] [2022-12-20T19:57:55.198Z] > command requires scopes: ["email","openid","https://www.googleapis.com/auth/cloudplatformprojects.readonly","https://www.googleapis.com/auth/firebase","https://www.googleapis.com/auth/cloud-platform"]
[debug] [2022-12-20T19:57:55.198Z] > authorizing via signed-in user (singharshjot07@gmail.com)
[debug] [2022-12-20T19:57:55.199Z] [iam] checking project react-60170 for permissions ["firebase.projects.get","firebasehosting.sites.update"]
[debug] [2022-12-20T19:57:55.200Z] > refreshing access token with scopes: []
[debug] [2022-12-20T19:57:55.201Z] >>> HTTP REQUEST POST https://www.googleapis.com/oauth2/v3/token  
 <request body omitted>
[debug] [2022-12-20T19:57:55.325Z] <<< [apiv2][status] GET https://firebase-public.firebaseio.com/cli.json 200
[debug] [2022-12-20T19:57:55.325Z] <<< [apiv2][body] GET https://firebase-public.firebaseio.com/cli.json {"cloudBuildErrorAfter":1594252800000,"cloudBuildWarnAfter":1590019200000,"defaultNode10After":1594252800000,"minVersion":"3.0.5","node8DeploysDisabledAfter":1613390400000,"node8RuntimeDisabledAfter":1615809600000,"node8WarnAfter":1600128000000}
[debug] [2022-12-20T19:57:55.359Z] <<< HTTP RESPONSE 400 {"date":"Tue, 20 Dec 2022 19:57:55 GMT","cache-control":"no-cache, no-store, max-age=0, must-revalidate","pragma":"no-cache","expires":"Mon, 01 Jan 1990 00:00:00 GMT","content-type":"application/json; charset=utf-8","vary":"X-Origin, Referer, Origin,Accept-Encoding","server":"scaffolding on HTTPServer2","x-xss-protection":"0","x-frame-options":"SAMEORIGIN","x-content-type-options":"nosniff","alt-svc":"h3=\":443\"; ma=2592000,h3-29=\":443\"; ma=2592000,h3-Q050=\":443\"; ma=2592000,h3-Q046=\":443\"; ma=2592000,h3-Q043=\":443\"; ma=2592000,quic=\":443\"; ma=2592000; v=\"46,43\"","accept-ranges":"none","transfer-encoding":"chunked"}
[debug] [2022-12-20T19:57:55.360Z] >>> [apiv2][query] POST https://cloudresourcemanager.googleapis.com/v1/projects/react-60170:testIamPermissions [none]
[debug] [2022-12-20T19:57:55.360Z] >>> [apiv2][body] POST https://cloudresourcemanager.googleapis.com/v1/projects/react-60170:testIamPermissions {"permissions":["firebase.projects.get","firebasehosting.sites.update"]}
[debug] [2022-12-20T19:57:55.614Z] <<< [apiv2][status] POST https://cloudresourcemanager.googleapis.com/v1/projects/react-60170:testIamPermissions 401
[debug] [2022-12-20T19:57:55.615Z] <<< [apiv2][body] POST https://cloudresourcemanager.googleapis.com/v1/projects/react-60170:testIamPermissions {"error":{"code":401,"message":"Request had invalid authentication credentials. Expected OAuth 2 access token, login cookie or other valid authentication credential. See https://developers.google.com/identity/sign-in/web/devconsole-project.","status":"UNAUTHENTICATED","details":[{"@type":"type.googleapis.com/google.rpc.ErrorInfo","reason":"ACCESS_TOKEN_TYPE_UNSUPPORTED","metadata":{"method":"google.cloudresourcemanager.v1.Projects.TestIamPermissions","service":"cloudresourcemanager.googleapis.com"}}]}}
[debug] [2022-12-20T19:57:55.617Z] [iam] error while checking permissions, command may fail: FirebaseError: HTTP Error: 401, Request had invalid authentication credentials. Expected OAuth 2 access token, login cookie or other valid authentication credential. See https://developers.google.com/identity/sign-in/web/devconsole-project.
[debug] [2022-12-20T19:57:55.619Z] > refreshing access token with scopes: []
[debug] [2022-12-20T19:57:55.619Z] >>> HTTP REQUEST POST https://www.googleapis.com/oauth2/v3/token  
 <request body omitted>
[debug] [2022-12-20T19:57:55.746Z] <<< HTTP RESPONSE 400 {"expires":"Mon, 01 Jan 1990 00:00:00 GMT","date":"Tue, 20 Dec 2022 19:57:55 GMT","pragma":"no-cache","cache-control":"no-cache, no-store, max-age=0, must-revalidate","content-type":"application/json; charset=utf-8","vary":"X-Origin, Referer, Origin,Accept-Encoding","server":"scaffolding on HTTPServer2","x-xss-protection":"0","x-frame-options":"SAMEORIGIN","x-content-type-options":"nosniff","alt-svc":"h3=\":443\"; ma=2592000,h3-29=\":443\"; ma=2592000,h3-Q050=\":443\"; ma=2592000,h3-Q046=\":443\"; ma=2592000,h3-Q043=\":443\"; ma=2592000,quic=\":443\"; ma=2592000; v=\"46,43\"","accept-ranges":"none","transfer-encoding":"chunked"}
[debug] [2022-12-20T19:57:55.749Z] >>> [apiv2][query] GET https://firebase.googleapis.com/v1beta1/projects/react-60170 [none]
[debug] [2022-12-20T19:57:55.877Z] <<< [apiv2][status] GET https://firebase.googleapis.com/v1beta1/projects/react-60170 401
[debug] [2022-12-20T19:57:55.877Z] <<< [apiv2][body] GET https://firebase.googleapis.com/v1beta1/projects/react-60170 {"error":{"code":401,"message":"Request had invalid authentication credentials. Expected OAuth 2 access token, login cookie or other valid authentication credential. See https://developers.google.com/identity/sign-in/web/devconsole-project.","status":"UNAUTHENTICATED"}}
[debug] [2022-12-20T19:57:55.878Z] HTTP Error: 401, Request had invalid authentication credentials. Expected OAuth 2 access token, login cookie or other valid authentication credential. See https://developers.google.com/identity/sign-in/web/devconsole-project.
[debug] [2022-12-20T19:57:55.880Z] FirebaseError: HTTP Error: 401, Request had invalid authentication credentials. Expected OAuth 2 access token, login cookie or other valid authentication credential. See https://developers.google.com/identity/sign-in/web/devconsole-project.
    at module.exports (C:\Users\singh\AppData\Roaming\npm\node_modules\firebase-tools\lib\responseToError.js:47:12)
    at RetryOperation._fn (C:\Users\singh\AppData\Roaming\npm\node_modules\firebase-tools\lib\apiv2.js:286:39)
    at processTicksAndRejections (node:internal/process/task_queues:96:5)
[error] 
[error] Error: Failed to get Firebase project react-60170. Please make sure the project exists and your account has permission to access it.
[debug] [2022-12-20T20:00:33.504Z] ----------------------------------------------------------------------
[debug] [2022-12-20T20:00:33.509Z] Command:       C:\Program Files\nodejs\node.exe C:\Users\singh\AppData\Roaming\npm\node_modules\firebase-tools\lib\bin\firebase.js deploy
[debug] [2022-12-20T20:00:33.511Z] CLI Version:   11.19.0
[debug] [2022-12-20T20:00:33.511Z] Platform:      win32
[debug] [2022-12-20T20:00:33.511Z] Node Version:  v16.13.1
[debug] [2022-12-20T20:00:33.513Z] Time:          Tue Dec 20 2022 15:00:33 GMT-0500 (Eastern Standard Time)
[debug] [2022-12-20T20:00:33.513Z] ----------------------------------------------------------------------
[debug] 
[debug] [2022-12-20T20:00:33.701Z] > command requires scopes: ["email","openid","https://www.googleapis.com/auth/cloudplatformprojects.readonly","https://www.googleapis.com/auth/firebase","https://www.googleapis.com/auth/cloud-platform"]
[debug] [2022-12-20T20:00:33.702Z] > authorizing via signed-in user (singharshjot07@gmail.com)
[debug] [2022-12-20T20:00:33.702Z] [iam] checking project react-60170 for permissions ["firebase.projects.get","firebasehosting.sites.update"]
[debug] [2022-12-20T20:00:33.705Z] > refreshing access token with scopes: []
[debug] [2022-12-20T20:00:33.708Z] >>> [apiv2][query] POST https://www.googleapis.com/oauth2/v3/token [none]
[debug] [2022-12-20T20:00:33.708Z] >>> [apiv2][body] POST https://www.googleapis.com/oauth2/v3/token [omitted]
[debug] [2022-12-20T20:00:33.905Z] <<< [apiv2][status] POST https://www.googleapis.com/oauth2/v3/token 400
[debug] [2022-12-20T20:00:33.906Z] <<< [apiv2][body] POST https://www.googleapis.com/oauth2/v3/token [omitted]
[debug] [2022-12-20T20:00:33.906Z] >>> [apiv2][query] POST https://cloudresourcemanager.googleapis.com/v1/projects/react-60170:testIamPermissions [none]
[debug] [2022-12-20T20:00:33.907Z] >>> [apiv2][(partial)header] POST https://cloudresourcemanager.googleapis.com/v1/projects/react-60170:testIamPermissions x-goog-quota-user=projects/react-60170
[debug] [2022-12-20T20:00:33.907Z] >>> [apiv2][body] POST https://cloudresourcemanager.googleapis.com/v1/projects/react-60170:testIamPermissions {"permissions":["firebase.projects.get","firebasehosting.sites.update"]}
[debug] [2022-12-20T20:00:34.229Z] <<< [apiv2][status] POST https://cloudresourcemanager.googleapis.com/v1/projects/react-60170:testIamPermissions 401
[debug] [2022-12-20T20:00:34.230Z] <<< [apiv2][body] POST https://cloudresourcemanager.googleapis.com/v1/projects/react-60170:testIamPermissions {"error":{"code":401,"message":"Request had invalid authentication credentials. Expected OAuth 2 access token, login cookie or other valid authentication credential. See https://developers.google.com/identity/sign-in/web/devconsole-project.","status":"UNAUTHENTICATED","details":[{"@type":"type.googleapis.com/google.rpc.ErrorInfo","reason":"ACCESS_TOKEN_TYPE_UNSUPPORTED","metadata":{"method":"google.cloudresourcemanager.v1.Projects.TestIamPermissions","service":"cloudresourcemanager.googleapis.com"}}]}}
[debug] [2022-12-20T20:00:34.233Z] [iam] error while checking permissions, command may fail: FirebaseError: HTTP Error: 401, Request had invalid authentication credentials. Expected OAuth 2 access token, login cookie or other valid authentication credential. See https://developers.google.com/identity/sign-in/web/devconsole-project.
[debug] [2022-12-20T20:00:34.234Z] > refreshing access token with scopes: []
[debug] [2022-12-20T20:00:34.236Z] >>> [apiv2][query] POST https://www.googleapis.com/oauth2/v3/token [none]
[debug] [2022-12-20T20:00:34.236Z] >>> [apiv2][body] POST https://www.googleapis.com/oauth2/v3/token [omitted]
[debug] [2022-12-20T20:00:34.384Z] <<< [apiv2][status] POST https://www.googleapis.com/oauth2/v3/token 400
[debug] [2022-12-20T20:00:34.384Z] <<< [apiv2][body] POST https://www.googleapis.com/oauth2/v3/token [omitted]
[debug] [2022-12-20T20:00:34.386Z] >>> [apiv2][query] GET https://firebase.googleapis.com/v1beta1/projects/react-60170 [none]
[debug] [2022-12-20T20:00:34.633Z] <<< [apiv2][status] GET https://firebase.googleapis.com/v1beta1/projects/react-60170 401
[debug] [2022-12-20T20:00:34.633Z] <<< [apiv2][body] GET https://firebase.googleapis.com/v1beta1/projects/react-60170 {"error":{"code":401,"message":"Request had invalid authentication credentials. Expected OAuth 2 access token, login cookie or other valid authentication credential. See https://developers.google.com/identity/sign-in/web/devconsole-project.","status":"UNAUTHENTICATED"}}
[debug] [2022-12-20T20:00:34.634Z] HTTP Error: 401, Request had invalid authentication credentials. Expected OAuth 2 access token, login cookie or other valid authentication credential. See https://developers.google.com/identity/sign-in/web/devconsole-project.
[debug] [2022-12-20T20:00:34.636Z] FirebaseError: HTTP Error: 401, Request had invalid authentication credentials. Expected OAuth 2 access token, login cookie or other valid authentication credential. See https://developers.google.com/identity/sign-in/web/devconsole-project.
    at responseToError (C:\Users\singh\AppData\Roaming\npm\node_modules\firebase-tools\lib\responseToError.js:49:12)
    at RetryOperation._fn (C:\Users\singh\AppData\Roaming\npm\node_modules\firebase-tools\lib\apiv2.js:288:77)
    at processTicksAndRejections (node:internal/process/task_queues:96:5)
[error] 
[error] Error: Failed to get Firebase project react-60170. Please make sure the project exists and your account has permission to access it.
